  Skeleton.cpp
D:\Dani\BME\sem4\computer_graphics\hf\1\Programs\Skeleton\Skeleton\framework.h(165,17): warning C4996: 'fopen': This function or variable may be unsafe. Consider using fopen_s instead. To disable deprecation, use _CRT_SECURE_NO_WARNINGS. See online help for details.
  (compiling source file 'Skeleton.cpp')
  
D:\Dani\BME\sem4\computer_graphics\hf\1\Programs\Skeleton\Skeleton\Skeleton.cpp(141,19): warning C4305: 'initializing': truncation from 'double' to 'float'
D:\Dani\BME\sem4\computer_graphics\hf\1\Programs\Skeleton\Skeleton\Skeleton.cpp(144,19): warning C4244: 'initializing': conversion from 'double' to 'float', possible loss of data
D:\Dani\BME\sem4\computer_graphics\hf\1\Programs\Skeleton\Skeleton\Skeleton.cpp(147,21): warning C4244: 'initializing': conversion from 'double' to 'float', possible loss of data
D:\Dani\BME\sem4\computer_graphics\hf\1\Programs\Skeleton\Skeleton\Skeleton.cpp(158,19): warning C4244: 'initializing': conversion from 'double' to 'float', possible loss of data
D:\Dani\BME\sem4\computer_graphics\hf\1\Programs\Skeleton\Skeleton\Skeleton.cpp(159,14): warning C4244: 'initializing': conversion from 'double' to 'float', possible loss of data
D:\Dani\BME\sem4\computer_graphics\hf\1\Programs\Skeleton\Skeleton\Skeleton.cpp(191,21): warning C4018: '<': signed/unsigned mismatch
D:\Dani\BME\sem4\computer_graphics\hf\1\Programs\Skeleton\Skeleton\Skeleton.cpp(208,21): warning C4018: '<': signed/unsigned mismatch
D:\Dani\BME\sem4\computer_graphics\hf\1\Programs\Skeleton\Skeleton\Skeleton.cpp(270,26): warning C4305: 'argument': truncation from 'double' to 'GLclampf'
D:\Dani\BME\sem4\computer_graphics\hf\1\Programs\Skeleton\Skeleton\Skeleton.cpp(270,21): warning C4305: 'argument': truncation from 'double' to 'GLclampf'
D:\Dani\BME\sem4\computer_graphics\hf\1\Programs\Skeleton\Skeleton\Skeleton.cpp(270,16): warning C4305: 'argument': truncation from 'double' to 'GLclampf'
D:\Dani\BME\sem4\computer_graphics\hf\1\Programs\Skeleton\Skeleton\Skeleton.cpp(368,24): warning C4018: '<': signed/unsigned mismatch
  Generating code
  0 of 259 functions ( 0.0%) were compiled, the rest were copied from previous compilation.
    0 functions were new in current compilation
    0 functions had inline decision re-evaluated but remain unchanged
  Finished generating code
  Skeleton.vcxproj -> D:\Dani\BME\sem4\computer_graphics\hf\1\Programs\Skeleton\bin\Skeleton.exe
